<?xml version="1.0" encoding="UTF-8"?>
<!-- Generated by org.testng.reporters.JUnitReportReporter -->
<testsuite hostname="Sandeepa-arecl" failures="0" tests="1" name="com.crm.testscript.OpenBrowser" time="5.307" errors="0" timestamp="2023-04-12T10:53:16 IST" skipped="0">
  <testcase classname="com.crm.testscript.OpenBrowser" name="open" time="5.307"/>
  <system-out/>
</testsuite> <!-- com.crm.testscript.OpenBrowser -->
